[2025-06-20 00:02:28] [INFO] Downloading My workspace: Getting Started in Power BI to Myworkspace: GettingStartedinPowerBI
[2025-06-20 00:03:44] [ERROR] Failed to download the report: Getting Started in Power BI from workspace: My workspace
[2025-06-20 00:03:44] [INFO] Downloading My workspace: OneLake catalog governance report (automatically generated) to Myworkspace: OneLakecataloggovernancereportautomaticallygenerated
[2025-06-20 00:04:50] [ERROR] Failed to download the report: OneLake catalog governance report (automatically generated) from workspace: My workspace
[2025-06-20 00:04:54] [INFO] Downloading TCDemos: AdvWorksInsights to TCDemos: AdvWorksInsights
[2025-06-20 00:06:17] [ERROR] Failed to download the report: AdvWorksInsights from workspace: TCDemos
[2025-06-20 00:06:17] [INFO] Downloading TCDemos: sample to TCDemos: sample
[2025-06-20 00:06:20] [ERROR] Failed to download the report: sample from workspace: TCDemos
[2025-06-20 00:06:20] [INFO] Downloading TCDemos: Report Usage Metrics Report to TCDemos: ReportUsageMetricsReport
[2025-06-20 00:06:40] [ERROR] Failed to download the report: Report Usage Metrics Report from workspace: TCDemos
[2025-06-20 00:06:40] [INFO] Downloading TCDemos: Usage Metrics Report to TCDemos: UsageMetricsReport
[2025-06-20 00:06:44] [INFO] Successfully downloaded.
[2025-06-20 00:06:51] [WARN] Admin access cant be granted to workspace ID c5c4d119-b2c1-4376-a64c-036ce1de70d3. (mostly because you already have access)
[2025-06-20 00:06:54] [INFO] Downloading Admin monitoring: Feature Usage and Adoption to Adminmonitoring: FeatureUsageandAdoption
[2025-06-20 00:06:55] [ERROR] Failed to download the report: Feature Usage and Adoption from workspace: Admin monitoring
[2025-06-20 00:06:55] [INFO] Downloading Admin monitoring: Purview Hub to Adminmonitoring: PurviewHub
[2025-06-20 00:06:56] [ERROR] Failed to download the report: Purview Hub from workspace: Admin monitoring
[2025-06-20 00:06:56] [INFO] Downloading Admin monitoring: Content Sharing to Adminmonitoring: ContentSharing
[2025-06-20 00:06:57] [ERROR] Failed to download the report: Content Sharing from workspace: Admin monitoring
[2025-06-20 00:06:58] [INFO] Downloading Microsoft Fabric Capacity Metrics: Fabric Capacity Metrics to MicrosoftFabricCapacityMetrics: FabricCapacityMetrics
[2025-06-20 00:06:59] [ERROR] Failed to download the report: Fabric Capacity Metrics from workspace: Microsoft Fabric Capacity Metrics
[2025-06-20 00:06:59] [INFO] Downloading Microsoft Fabric Capacity Metrics: [App] Fabric Capacity Metrics to MicrosoftFabricCapacityMetrics: AppFabricCapacityMetrics
[2025-06-20 00:07:00] [ERROR] Failed to download the report: [App] Fabric Capacity Metrics from workspace: Microsoft Fabric Capacity Metrics
[2025-06-20 00:07:01] [INFO] Downloading ABCD: Autoreport to ABCD: Autoreport
[2025-06-20 00:07:02] [ERROR] Failed to download the report: Autoreport from workspace: ABCD
[2025-06-20 00:07:03] [INFO] Downloading Marel_sample: firs report to Marel_sample: firsreport
[2025-06-20 00:07:04] [ERROR] Failed to download the report: firs report from workspace: Marel_sample
[2025-06-20 00:07:05] [INFO] Downloading Microsoft Fabric Release Plan: Microsoft Fabric Release Plan to MicrosoftFabricReleasePlan: MicrosoftFabricReleasePlan
[2025-06-20 00:07:08] [INFO] Successfully downloaded.
[2025-06-20 00:07:08] [INFO] Downloading Microsoft Fabric Release Plan: [App] Microsoft Fabric Release Plan to MicrosoftFabricReleasePlan: AppMicrosoftFabricReleasePlan
[2025-06-20 00:07:09] [ERROR] Failed to download the report: [App] Microsoft Fabric Release Plan from workspace: Microsoft Fabric Release Plan
[2025-06-20 00:07:12] [INFO] Downloading 0429: customer report to 0429: customerreport
[2025-06-20 00:07:12] [ERROR] Failed to download the report: customer report from workspace: 0429
[2025-06-20 00:07:13] [INFO] Downloading NewWS: report to NewWS: report
[2025-06-20 00:07:14] [ERROR] Failed to download the report: report from workspace: NewWS
[2025-06-20 00:07:14] [INFO] Downloading NewWS: basicreport to NewWS: basicreport
[2025-06-20 00:07:14] [ERROR] Failed to download the report: basicreport from workspace: NewWS
[2025-06-20 00:07:16] [INFO] Downloading Emissions Impact Dashboard for Microsoft 365: Emissions Impact Dashboard for Microsoft 365 to EmissionsImpactDashboardforMicrosoft365: EmissionsImpactDashboardforMicrosoft365
[2025-06-20 00:07:16] [ERROR] Failed to download the report: Emissions Impact Dashboard for Microsoft 365 from workspace: Emissions Impact Dashboard for Microsoft 365
[2025-06-20 00:07:16] [INFO] Downloading Emissions Impact Dashboard for Microsoft 365: [App] Emissions Impact Dashboard for Microsoft 365 to EmissionsImpactDashboardforMicrosoft365: AppEmissionsImpactDashboardforMicrosoft365
[2025-06-20 00:07:17] [ERROR] Failed to download the report: [App] Emissions Impact Dashboard for Microsoft 365 from workspace: Emissions Impact Dashboard for Microsoft 365
[2025-06-20 00:07:18] [INFO] Downloading Emissions Impact Dashboard: Emissions Impact Dashboard to EmissionsImpactDashboard: EmissionsImpactDashboard
[2025-06-20 00:07:18] [ERROR] Failed to download the report: Emissions Impact Dashboard from workspace: Emissions Impact Dashboard
[2025-06-20 00:07:18] [INFO] Downloading Emissions Impact Dashboard: [App] Emissions Impact Dashboard to EmissionsImpactDashboard: AppEmissionsImpactDashboard
[2025-06-20 00:07:19] [ERROR] Failed to download the report: [App] Emissions Impact Dashboard from workspace: Emissions Impact Dashboard
[2025-06-20 00:07:20] [WARN] Admin access cant be granted to workspace ID e69b6a0d-1679-4e82-a564-ce3f1db30555. (mostly because you already have access)
[2025-06-20 00:07:21] [INFO] Downloading PersonalWorkspace TestUser1@MngEnvMCAP375005.onmicrosoft.com: US Sales Analysis to PersonalWorkspaceTestUser1MngEnvMCAP375005onmicrosoftcom: USSalesAnalysis
[2025-06-20 00:07:24] [INFO] Successfully downloaded.
[2025-06-20 00:07:25] [WARN] Admin access cant be granted to workspace ID c0917f8c-1e9e-4933-bf8f-6586f2f619ec. (mostly because you already have access)
[2025-06-20 00:07:25] [WARN] Admin access cant be granted to workspace ID 44648fa5-4fbb-4bd1-854f-84c4ec412de7. (mostly because you already have access)
[2025-06-20 00:15:51] [INFO] Downloading My workspace: Getting Started in Power BI to Myworkspace: GettingStartedinPowerBI
[2025-06-20 00:15:57] [ERRO] Failed to download the report: Getting Started in Power BI from workspace: My workspace
[2025-06-20 00:15:57] [INFO] Downloading My workspace: OneLake catalog governance report (automatically generated) to Myworkspace: OneLakecataloggovernancereportautomaticallygenerated
[2025-06-20 00:16:02] [ERRO] Failed to download the report: OneLake catalog governance report (automatically generated) from workspace: My workspace
[2025-06-20 00:16:10] [INFO] Downloading TCDemos: AdvWorksInsights to TCDemos: AdvWorksInsights
[2025-06-20 00:16:15] [ERRO] Failed to download the report: AdvWorksInsights from workspace: TCDemos
[2025-06-20 00:16:15] [INFO] Downloading TCDemos: sample to TCDemos: sample
[2025-06-20 00:16:21] [ERRO] Failed to download the report: sample from workspace: TCDemos
[2025-06-20 00:16:21] [INFO] Downloading TCDemos: Report Usage Metrics Report to TCDemos: ReportUsageMetricsReport
[2025-06-20 00:16:26] [ERRO] Failed to download the report: Report Usage Metrics Report from workspace: TCDemos
[2025-06-20 00:16:26] [INFO] Downloading TCDemos: Usage Metrics Report to TCDemos: UsageMetricsReport
[2025-06-20 00:16:34] [INFO] Successfully downloaded.
[2025-06-20 00:16:35] [WARN] Admin access cant be granted to workspace ID c5c4d119-b2c1-4376-a64c-036ce1de70d3. (mostly because you already have access)
[2025-06-20 00:16:48] [INFO] Downloading Admin monitoring: Feature Usage and Adoption to Adminmonitoring: FeatureUsageandAdoption
